Diagnose log at 2026-07-22T17:52:42Z

AppPath: C:\Users\SHUBHAM.NAIK\AppData\Local\Programs\Git\mingw64\bin\git-credential-manager.exe
InstallDir: C:\Users\SHUBHAM.NAIK\AppData\Local\Programs\Git\mingw64\bin\
Version: 2.6.0+3c28096588f549cb46f36b552390514356830abe

------------
Diagnostic: Environment
Skipped: False
Success: True
Exception: None
Log:
OSType: Windows
OSVersion: 10.0 (build 26200)
Reading environment variables... OK
 Variables:
HOMEPATH=\Users\SHUBHAM.NAIK
DriverData=C:\Windows\System32\Drivers\DriverData
COMPUTERNAME=TIGER05775
MSMPI_BIN=C:\Program Files\Microsoft MPI\Bin\
GIT_TRACE2_PARENT_SID=3e7d0a09-694d-4aa7-8418-9427791cd963
CommonProgramFiles(x86)=C:\Program Files (x86)\Common Files
ProgramW6432=C:\Program Files
OneDrive=C:\Users\SHUBHAM.NAIK\OneDrive
ChocolateyLastPathUpdate=133854492953648609
EFC_33352_2775293581=1
RegionCode=APJ
BUNDLED_DEBUGPY_PATH=c:\Users\SHUBHAM.NAIK\.vscode\extensions\ms-python.debugpy-2026.6.0-win32-x64\bundled\libs\debugpy
PSExecutionPolicyPreference=RemoteSigned
TMP=C:\Users\SHUBHA~1.NAI\AppData\Local\Temp
EFC_33352_1592913036=1
PYDEVD_DISABLE_FILE_VALIDATION=1
EFC_33352_3789132940=1
PATHEXT=.COM;.EXE;.BAT;.CMD;.VBS;.VBE;.JS;.JSE;.WSF;.WSH;.MSC;.CPL
_OLD_VIRTUAL_PATH=C:\Users\SHUBHAM.NAIK\AppData\Local\fnm_multishells\23296_1737998249170;C:\windows\system32;C:\windows;C:\windows\System32\Wbem;C:\windows\System32\WindowsPowerShell\v1.0\;C:\windows\System32\OpenSSH\;C:\Program Files\PuTTY\;c:\Program Files\nodejs\;C:\Program Files\RedHat\Podman\;C:\Users\SHUBHAM.NAIK\AppData\Local\Programs\Python\Python313\Scripts\;C:\Users\SHUBHAM.NAIK\AppData\Local\Programs\Python\Python313\;C:\Users\SHUBHAM.NAIK\AppData\Local\Programs\Python\Launcher\;C:\Users\SHUBHAM.NAIK\AppData\Local\Microsoft\WindowsApps;C:\Users\SHUBHAM.NAIK\AppData\Local\Programs\Microsoft VS Code\bin;C:\Users\SHUBHAM.NAIK\AppData\Local\Programs\Git\cmd;C:\Users\SHUBHAM.NAIK\AppData\Local\Microsoft\WinGet\Packages\Schniz.fnm_Microsoft.Winget.Source_8wekyb3d8bbwe;
GIT_ASKPASS=c:\Users\SHUBHAM.NAIK\AppData\Roaming\Code\User\globalStorage\vscode.git\askpass\70789581cae28aa7\askpass.sh
GIT_EXEC_PATH=C:/Users/SHUBHAM.NAIK/AppData/Local/Programs/Git/mingw64/libexec/git-core
TEMP=C:\Users\SHUBHA~1.NAI\AppData\Local\Temp
LOCALAPPDATA=C:\Users\SHUBHAM.NAIK\AppData\Local
MSYSTEM=MINGW64
TERM=xterm-256color
VIRTUAL_ENV_PROMPT=.venv
PROCESSOR_IDENTIFIER=Intel64 Family 6 Model 170 Stepping 4, GenuineIntel
VSCODE_PYTHON_AUTOACTIVATE_GUARD=1
ProgramData=C:\ProgramData
USERDNSDOMAIN=TIGERANALYTICS.LOCAL
USERDOMAIN=TIGERANALYTICS
ProgramFiles(x86)=C:\Program Files (x86)
platformcode=AN
PROCESSOR_REVISION=aa04
MSMPI_BENCHMARKS=C:\Program Files\Microsoft MPI\Benchmarks\
Path=C:/Users/SHUBHAM.NAIK/AppData/Local/Programs/Git/mingw64/libexec/git-core;C:\Users\SHUBHAM.NAIK\AppData\Local\Programs\Git\mingw64\bin;C:\Users\SHUBHAM.NAIK\AppData\Local\Programs\Git\usr\bin;C:\Users\SHUBHAM.NAIK\bin;C:\Users\SHUBHAM.NAIK\Desktop\AI_Task_1\voice_project\.venv\Scripts;C:\Users\SHUBHAM.NAIK\AppData\Local\fnm_multishells\23296_1737998249170;C:\windows\system32;C:\windows;C:\windows\System32\Wbem;C:\windows\System32\WindowsPowerShell\v1.0\;C:\windows\System32\OpenSSH\;C:\Program Files\PuTTY\;c:\Program Files\nodejs\;C:\Program Files\RedHat\Podman\;C:\Users\SHUBHAM.NAIK\AppData\Local\Programs\Python\Python313\Scripts\;C:\Users\SHUBHAM.NAIK\AppData\Local\Programs\Python\Python313\;C:\Users\SHUBHAM.NAIK\AppData\Local\Programs\Python\Launcher\;C:\Users\SHUBHAM.NAIK\AppData\Local\Microsoft\WindowsApps;C:\Users\SHUBHAM.NAIK\AppData\Local\Programs\Microsoft VS Code\bin;C:\Users\SHUBHAM.NAIK\AppData\Local\Programs\Git\cmd;C:\Users\SHUBHAM.NAIK\AppData\Local\Microsoft\WinGet\Packages\Schniz.fnm_Microsoft.Winget.Source_8wekyb3d8bbwe;
TERM_PROGRAM=vscode
PROCESSOR_LEVEL=6
NUMBER_OF_PROCESSORS=14
TMPDIR=C:\Users\SHUBHA~1.NAI\AppData\Local\Temp
VSCODE_GIT_ASKPASS_EXTRA_ARGS=
VSCODE_GIT_ASKPASS_NODE=C:\Users\SHUBHAM.NAIK\AppData\Local\Programs\Microsoft VS Code\Code.exe
TERM_PROGRAM_VERSION=1.129.1
VSCODE_GIT_ASKPASS_MAIN=c:\Users\SHUBHAM.NAIK\AppData\Roaming\Code\User\globalStorage\vscode.git\askpass\70789581cae28aa7\askpass-main.js
PSModulePath=C:\Users\SHUBHAM.NAIK\Documents\WindowsPowerShell\Modules;C:\Program Files\WindowsPowerShell\Modules;C:\windows\system32\WindowsPowerShell\v1.0\Modules;C:\Program Files (x86)\Microsoft SQL Server\160\Tools\PowerShell\Modules\
PUBLIC=C:\Users\Public
VSCODE_GIT_IPC_HANDLE=\\.\pipe\vscode-git-55f32edcd3-sock
EFC_33352_2283032206=1
CommonProgramFiles=C:\Program Files (x86)\Common Files
VSCODE_INJECTION=1
VSCODE_DEBUGPY_ADAPTER_ENDPOINTS=c:\Users\SHUBHAM.NAIK\.vscode\extensions\ms-python.debugpy-2026.6.0-win32-x64\.noConfigDebugAdapterEndpoints\endpoint-f5cf902a03794732.txt
VIRTUAL_ENV=C:\Users\SHUBHAM.NAIK\Desktop\AI_Task_1\voice_project\.venv
CHROME_CRASHPAD_PIPE_NAME=\\.\pipe\crashpad_50672_ZBBUYITGEBENLUVG
PLINK_PROTOCOL=ssh
FNM_NODE_DIST_MIRROR=https://nodejs.org/dist
ProgramFiles=C:\Program Files (x86)
ChocolateyInstall=C:\ProgramData\chocolatey
FNM_LOGLEVEL=info
EFC_33352_1262719628=1
OnlineServices=Online Services
FNM_ARCH=x64
PYTHON_BASIC_REPL=1
FNM_VERSION_FILE_STRATEGY=local
FNM_COREPACK_ENABLED=false
PYTHONSTARTUP=c:\Users\SHUBHAM.NAIK\AppData\Roaming\Code\User\workspaceStorage\c62d24d5ecff49581ec5f31e087cc855\ms-python.python\pythonrc.py
HOME=C:\Users\SHUBHAM.NAIK
SystemRoot=C:\windows
CommonProgramW6432=C:\Program Files\Common Files
ZES_ENABLE_SYSMAN=1
LOGONSERVER=\\TASRV014
COLORTERM=truecolor
USERPROFILE=C:\Users\SHUBHAM.NAIK
FNM_DIR=C:\Users\SHUBHAM.NAIK\AppData\Roaming\fnm
USERDOMAIN_ROAMINGPROFILE=TIGERANALYTICS
APPDATA=C:\Users\SHUBHAM.NAIK\AppData\Roaming
HOMEDRIVE=C:
FNM_RESOLVE_ENGINES=true
COPILOT_DEBUG_NONCE=3ea38b5080720c222607cc9f7d6bef5d
SESSIONNAME=Console
USERNAME=shubham.naik
PROCESSOR_ARCHITEW6432=AMD64
FNM_MULTISHELL_PATH=C:\Users\SHUBHAM.NAIK\AppData\Local\fnm_multishells\23296_1737998249170
PROCESSOR_ARCHITECTURE=x86
OS=Windows_NT
ComSpec=C:\windows\system32\cmd.exe
SystemDrive=C:
windir=C:\windows
LANG=en_US.UTF-8
ALLUSERSPROFILE=C:\ProgramData


------------
Diagnostic: File system
Skipped: False
Success: True
Exception: None
Log:
Temporary directory is 'C:\Users\SHUBHAM.NAIK\AppData\Local\Temp\'...
Checking basic file I/O...
Writing to temporary file 'C:\Users\SHUBHAM.NAIK\AppData\Local\Temp\36e64343bcbb13f4dc925470'... OK
Reading from temporary file 'C:\Users\SHUBHAM.NAIK\AppData\Local\Temp\36e64343bcbb13f4dc925470'... OK
Deleting temporary file 'C:\Users\SHUBHAM.NAIK\AppData\Local\Temp\36e64343bcbb13f4dc925470'... OK
Testing IFileSystem instance...
UserHomePath: C:\Users\SHUBHAM.NAIK
UserDataDirectoryPath: C:\Users\SHUBHAM.NAIK\.gcm
GetCurrentDirectory(): C:\Users\SHUBHAM.NAIK\Desktop\AI_Task_1\voice_project

------------
Diagnostic: Networking
Skipped: False
Success: True
Exception: None
Log:
Checking networking and HTTP stack...
Creating HTTP client... OK
IsNetworkAvailable: True
Sending HEAD request to http://example.com...Sending HEAD request to https://example.com... OK
 OK
Acquiring free TCP port... OK
Testing local HTTP loopback connections...
Creating new HTTP listener for http://localhost:50723/... OK
Waiting for loopback connection... OK
Writing response... OK
Waiting for response data... OK
Loopback connection data OK

------------
Diagnostic: Git
Skipped: False
Success: True
Exception: None
Log:
Getting Git version... OK
Git version is '2.47.0.windows.2'
Locating current repository...Git repository at 'C:/Users/SHUBHAM.NAIK/Desktop/AI_Task_1/voice_project/.git'
 OK
Listing all Git configuration... OK
Git configuration:
file:C:/Users/SHUBHAM.NAIK/AppData/Local/Programs/Git/etc/gitconfig	diff.astextplain.textconv=astextplain
file:C:/Users/SHUBHAM.NAIK/AppData/Local/Programs/Git/etc/gitconfig	filter.lfs.clean=git-lfs clean -- %f
file:C:/Users/SHUBHAM.NAIK/AppData/Local/Programs/Git/etc/gitconfig	filter.lfs.smudge=git-lfs smudge -- %f
file:C:/Users/SHUBHAM.NAIK/AppData/Local/Programs/Git/etc/gitconfig	filter.lfs.process=git-lfs filter-process
file:C:/Users/SHUBHAM.NAIK/AppData/Local/Programs/Git/etc/gitconfig	filter.lfs.required=true
file:C:/Users/SHUBHAM.NAIK/AppData/Local/Programs/Git/etc/gitconfig	http.sslbackend=openssl
file:C:/Users/SHUBHAM.NAIK/AppData/Local/Programs/Git/etc/gitconfig	http.sslcainfo=C:/Users/SHUBHAM.NAIK/AppData/Local/Programs/Git/mingw64/etc/ssl/certs/ca-bundle.crt
file:C:/Users/SHUBHAM.NAIK/AppData/Local/Programs/Git/etc/gitconfig	core.autocrlf=true
file:C:/Users/SHUBHAM.NAIK/AppData/Local/Programs/Git/etc/gitconfig	core.fscache=true
file:C:/Users/SHUBHAM.NAIK/AppData/Local/Programs/Git/etc/gitconfig	core.symlinks=false
file:C:/Users/SHUBHAM.NAIK/AppData/Local/Programs/Git/etc/gitconfig	pull.rebase=false
file:C:/Users/SHUBHAM.NAIK/AppData/Local/Programs/Git/etc/gitconfig	credential.helper=manager
file:C:/Users/SHUBHAM.NAIK/AppData/Local/Programs/Git/etc/gitconfig	credential.https://dev.azure.com.usehttppath=true
file:C:/Users/SHUBHAM.NAIK/AppData/Local/Programs/Git/etc/gitconfig	init.defaultbranch=master
file:C:/Users/SHUBHAM.NAIK/.gitconfig	user.name=ShubhamRNaik
file:C:/Users/SHUBHAM.NAIK/.gitconfig	user.email=shubhamnaiksrn1429@gmail.com
file:C:/Users/SHUBHAM.NAIK/.gitconfig	safe.directory=%(prefix)///wsl.localhost/Ubuntu/home/shubham/mle-training
file:C:/Users/SHUBHAM.NAIK/.gitconfig	safe.directory=%(prefix)///wsl.localhost/Ubuntu/home/shubham/ml-flow-training
file:C:/Users/SHUBHAM.NAIK/.gitconfig	core.autocrlf=false
file:C:/Users/SHUBHAM.NAIK/.gitconfig	http.sslverify=false
file:C:/Users/SHUBHAM.NAIK/.gitconfig	credential.helper=
file:C:/Users/SHUBHAM.NAIK/.gitconfig	credential.helper=C:/Users/SHUBHAM.NAIK/AppData/Local/Programs/Git/mingw64/bin/git-credential-manager.exe
file:.git/config	core.repositoryformatversion=0
file:.git/config	core.filemode=false
file:.git/config	core.bare=false
file:.git/config	core.logallrefupdates=true
file:.git/config	core.symlinks=false
file:.git/config	core.ignorecase=true
file:.git/config	remote.origin.url=https://github.com/shubhamRnaik/call_back_booking_service.git
file:.git/config	remote.origin.fetch=+refs/heads/*:refs/remotes/origin/*


------------
Diagnostic: Credential storage
Skipped: False
Success: True
Exception: None
Log:
ICredentialStore instance is of type: CredentialStore
Writing test credential... OK
Reading test credential... OK
Deleting test credential... OK

------------
Diagnostic: Microsoft authentication (AAD/MSA)
Skipped: False
Success: True
Exception: None
Log:
Broker is not enabled.
Flow type is: Auto
Gathering MSAL token cache data... OK
CacheDirectory: C:\Users\SHUBHAM.NAIK\AppData\Local\.IdentityService
CacheFileName: msal.cache
CacheFilePath: C:\Users\SHUBHAM.NAIK\AppData\Local\.IdentityService\msal.cache
Creating cache helper... OK
Verifying MSAL token cache persistence... OK

------------
Diagnostic: GitHub API
Skipped: False
Success: True
Exception: None
Log:
Using 'https://github.com/' as API target.
Querying '/meta' endpoint... OK

